<?xml version="1.0" encoding="UTF-8"?>
<!-- Generated by org.testng.reporters.JUnitReportReporter -->
<testsuite skipped="0" hostname="LAPTOP-MC7Q49HB" name="com.practiceTest.GetArrayMultipledataRuninTestNgTest" tests="21" failures="0" timestamp="26 May 2022 09:31:54 GMT" time="0.085" errors="0">
  <testcase name="practiceTNGTest" time="0.002" classname="com.practiceTest.GetArrayMultipledataRuninTestNgTest"/>
  <testcase name="practiceTNGTest" time="0.003" classname="com.practiceTest.GetArrayMultipledataRuninTestNgTest"/>
  <testcase name="practiceTNGTest" time="0.006" classname="com.practiceTest.GetArrayMultipledataRuninTestNgTest"/>
  <testcase name="practiceTNGTest" time="0.003" classname="com.practiceTest.GetArrayMultipledataRuninTestNgTest"/>
  <testcase name="practiceTNGTest" time="0.009" classname="com.practiceTest.GetArrayMultipledataRuninTestNgTest"/>
  <testcase name="practiceTNGTest" time="0.002" classname="com.practiceTest.GetArrayMultipledataRuninTestNgTest"/>
  <testcase name="practiceTNGTest" time="0.003" classname="com.practiceTest.GetArrayMultipledataRuninTestNgTest"/>
  <testcase name="practiceTNGTest" time="0.008" classname="com.practiceTest.GetArrayMultipledataRuninTestNgTest"/>
  <testcase name="practiceTNGTest" time="0.002" classname="com.practiceTest.GetArrayMultipledataRuninTestNgTest"/>
  <testcase name="practiceTNGTest" time="0.014" classname="com.practiceTest.GetArrayMultipledataRuninTestNgTest"/>
  <testcase name="practiceTNGTest" time="0.002" classname="com.practiceTest.GetArrayMultipledataRuninTestNgTest"/>
  <testcase name="practiceTNGTest" time="0.005" classname="com.practiceTest.GetArrayMultipledataRuninTestNgTest"/>
  <testcase name="practiceTNGTest" time="0.006" classname="com.practiceTest.GetArrayMultipledataRuninTestNgTest"/>
  <testcase name="practiceTNGTest" time="0.002" classname="com.practiceTest.GetArrayMultipledataRuninTestNgTest"/>
  <testcase name="practiceTNGTest" time="0.002" classname="com.practiceTest.GetArrayMultipledataRuninTestNgTest"/>
  <testcase name="practiceTNGTest" time="0.003" classname="com.practiceTest.GetArrayMultipledataRuninTestNgTest"/>
  <testcase name="practiceTNGTest" time="0.003" classname="com.practiceTest.GetArrayMultipledataRuninTestNgTest"/>
  <testcase name="practiceTNGTest" time="0.002" classname="com.practiceTest.GetArrayMultipledataRuninTestNgTest"/>
  <testcase name="practiceTNGTest" time="0.005" classname="com.practiceTest.GetArrayMultipledataRuninTestNgTest"/>
  <testcase name="practiceTNGTest" time="0.001" classname="com.practiceTest.GetArrayMultipledataRuninTestNgTest"/>
  <testcase name="practiceTNGTest" time="0.002" classname="com.practiceTest.GetArrayMultipledataRuninTestNgTest"/>
</testsuite> <!-- com.practiceTest.GetArrayMultipledataRuninTestNgTest -->
