<?xml version="1.0" encoding="UTF-8"?>
<!-- Generated by org.testng.reporters.JUnitReportReporter -->
<testsuite skipped="0" hostname="LAPTOP-MC7Q49HB" name="com.practiceTest.PracticeTestNgTest" tests="3" failures="0" timestamp="26 May 2022 09:31:54 GMT" time="0.022" errors="0">
  <testcase name="test2Test" time="0.009" classname="com.practiceTest.PracticeTestNgTest"/>
  <testcase name="test3Test" time="0.008" classname="com.practiceTest.PracticeTestNgTest"/>
  <testcase name="test1Test" time="0.005" classname="com.practiceTest.PracticeTestNgTest"/>
</testsuite> <!-- com.practiceTest.PracticeTestNgTest -->
