<?xml version="1.0" encoding="UTF-8"?>
<!-- Generated by org.testng.reporters.JUnitReportReporter -->
<testsuite skipped="0" hostname="LAPTOP-MC7Q49HB" name="com.practiceTest.PracticeTestng2Test" tests="4" failures="0" timestamp="26 May 2022 09:31:54 GMT" time="0.021" errors="0">
  <testcase name="test1Test" time="0.004" classname="com.practiceTest.PracticeTestng2Test"/>
  <testcase name="test2Test" time="0.006" classname="com.practiceTest.PracticeTestng2Test"/>
  <testcase name="test3Test" time="0.004" classname="com.practiceTest.PracticeTestng2Test"/>
  <testcase name="Test5Test" time="0.007" classname="com.practiceTest.PracticeTestng2Test"/>
</testsuite> <!-- com.practiceTest.PracticeTestng2Test -->
